<?xml version="1.0" encoding="UTF-8"?>
<!-- Generated by org.testng.reporters.JUnitXMLReporter -->
<testsuite ignored="0" hostname="192.168.1.2" failures="1" tests="1" name="Login Test" time="0.001" errors="0" timestamp="2025-09-30T20:01:23 IST">
  <testcase classname="TestCases.suiteA.LoginTest" name="login" time="0.0">
    <failure type="java.lang.AssertionError" message=" ---------- A ------------ ">
      <![CDATA[java.lang.AssertionError:  ---------- A ------------ 
at TestCases.suiteA.LoginTest.login(LoginTest.java:16)
at java.base/java.util.ArrayList.forEach(ArrayList.java:1596)
at java.base/java.util.concurrent.Executors$RunnableAdapter.call(Executors.java:572)
at java.base/java.util.concurrent.FutureTask.run(FutureTask.java:317)
at java.base/java.util.concurrent.ThreadPoolExecutor.runWorker(ThreadPoolExecutor.java:1144)
at java.base/java.util.concurrent.ThreadPoolExecutor$Worker.run(ThreadPoolExecutor.java:642)
at java.base/java.lang.Thread.run(Thread.java:1583)
... Removed 20 stack frames]]>
    </failure>
  </testcase> <!-- login -->
</testsuite> <!-- Login Test -->
