<?xml version="1.0" encoding="UTF-8"?>
<!-- Generated by org.testng.reporters.JUnitReportReporter -->
<testsuite hostname="192.168.1.2" failures="0" tests="3" name="testcase.bookingSearch" time="0.020" errors="0" timestamp="2025-10-12T21:26:26 IST" skipped="0">
  <testcase classname="testcase.bookingSearch" name="enterGustInfo" time="0.000"/>
  <testcase classname="testcase.bookingSearch" name="selectingHotel" time="0.001"/>
  <testcase classname="testcase.bookingSearch" name="searchHotel" time="0.019"/>
</testsuite> <!-- testcase.bookingSearch -->
