<?xml version="1.0" encoding="UTF-8"?>
<testng-results ignored="0" total="8" passed="6" failed="2" skipped="0">
  <reporter-output>
  </reporter-output>
  <suite started-at="2025-09-30T20:01:23 IST" name="Suite" finished-at="2025-09-30T20:01:23 IST" duration-ms="64">
    <groups>
    </groups>
    <test started-at="2025-09-30T20:01:23 IST" name="SoftAssert Test" finished-at="2025-09-30T20:01:23 IST" duration-ms="28">
      <class name="TestCases.suiteA.SoftAssertStudy">
        <test-method signature="validates()[pri:0, instance:TestCases.suiteA.SoftAssertStudy@76908cc0]" started-at="2025-09-30T20:01:23 IST" name="validates" finished-at="2025-09-30T20:01:23 IST" duration-ms="13" status="FAIL">
          <exception class="java.lang.AssertionError">
            <message>
              <![CDATA[The following asserts failed:
expected [Two] but found [One],
Error:- not greater expected [true] but found [false],
Error message 1]]>
            </message>
            <full-stacktrace>
              <![CDATA[java.lang.AssertionError: The following asserts failed:
expected [Two] but found [One],
Error:- not greater expected [true] but found [false],
Error message 1
at org.testng.asserts.SoftAssert.assertAll(SoftAssert.java:46)
at org.testng.asserts.SoftAssert.assertAll(SoftAssert.java:30)
at TestCases.suiteA.SoftAssertStudy.validates(SoftAssertStudy.java:20)
at java.base/jdk.internal.reflect.DirectMethodHandleAccessor.invoke(DirectMethodHandleAccessor.java:103)
at java.base/java.lang.reflect.Method.invoke(Method.java:580)
at org.testng.internal.invokers.MethodInvocationHelper.invokeMethod(MethodInvocationHelper.java:139)
at org.testng.internal.invokers.TestInvoker.invokeMethod(TestInvoker.java:664)
at org.testng.internal.invokers.TestInvoker.invokeTestMethod(TestInvoker.java:228)
at org.testng.internal.invokers.MethodRunner.runInSequence(MethodRunner.java:63)
at org.testng.internal.invokers.TestInvoker$MethodInvocationAgent.invoke(TestInvoker.java:961)
at org.testng.internal.invokers.TestInvoker.invokeTestMethods(TestInvoker.java:201)
at org.testng.internal.invokers.TestMethodWorker.invokeTestMethods(TestMethodWorker.java:148)
at org.testng.internal.invokers.TestMethodWorker.run(TestMethodWorker.java:128)
at java.base/java.util.ArrayList.forEach(ArrayList.java:1596)
at org.testng.TestRunner.privateRun(TestRunner.java:819)
at org.testng.TestRunner.run(TestRunner.java:619)
at org.testng.SuiteRunner.runTest(SuiteRunner.java:443)
at org.testng.SuiteRunner.runSequentially(SuiteRunner.java:437)
at org.testng.SuiteRunner.privateRun(SuiteRunner.java:397)
at org.testng.SuiteRunner.run(SuiteRunner.java:336)
at org.testng.SuiteRunnerWorker.runSuite(SuiteRunnerWorker.java:52)
at org.testng.SuiteRunnerWorker.run(SuiteRunnerWorker.java:95)
at java.base/java.util.concurrent.Executors$RunnableAdapter.call(Executors.java:572)
at java.base/java.util.concurrent.FutureTask.run(FutureTask.java:317)
at org.testng.internal.thread.graph.TestNGFutureTask.run(TestNGFutureTask.java:22)
at java.base/java.util.concurrent.ThreadPoolExecutor.runWorker(ThreadPoolExecutor.java:1144)
at java.base/java.util.concurrent.ThreadPoolExecutor$Worker.run(ThreadPoolExecutor.java:642)
at java.base/java.lang.Thread.run(Thread.java:1583)
]]>
            </full-stacktrace>
          </exception> <!-- java.lang.AssertionError -->
          <reporter-output>
          </reporter-output>
        </test-method> <!-- validates -->
      </class> <!-- TestCases.suiteA.SoftAssertStudy -->
    </test> <!-- SoftAssert Test -->
    <test started-at="2025-09-30T20:01:23 IST" name="Login Test" finished-at="2025-09-30T20:01:23 IST" duration-ms="1">
      <class name="TestCases.suiteA.LoginTest">
        <test-method signature="login()[pri:0, instance:TestCases.suiteA.LoginTest@1ea9f6af]" started-at="2025-09-30T20:01:23 IST" name="login" finished-at="2025-09-30T20:01:23 IST" duration-ms="0" status="FAIL">
          <exception class="java.lang.AssertionError">
            <message>
              <![CDATA[ ---------- A ------------ ]]>
            </message>
            <full-stacktrace>
              <![CDATA[java.lang.AssertionError:  ---------- A ------------ 
at org.testng.Assert.fail(Assert.java:111)
at TestCases.suiteA.LoginTest.login(LoginTest.java:16)
at java.base/jdk.internal.reflect.DirectMethodHandleAccessor.invoke(DirectMethodHandleAccessor.java:103)
at java.base/java.lang.reflect.Method.invoke(Method.java:580)
at org.testng.internal.invokers.MethodInvocationHelper.invokeMethod(MethodInvocationHelper.java:139)
at org.testng.internal.invokers.TestInvoker.invokeMethod(TestInvoker.java:664)
at org.testng.internal.invokers.TestInvoker.invokeTestMethod(TestInvoker.java:228)
at org.testng.internal.invokers.MethodRunner.runInSequence(MethodRunner.java:63)
at org.testng.internal.invokers.TestInvoker$MethodInvocationAgent.invoke(TestInvoker.java:961)
at org.testng.internal.invokers.TestInvoker.invokeTestMethods(TestInvoker.java:201)
at org.testng.internal.invokers.TestMethodWorker.invokeTestMethods(TestMethodWorker.java:148)
at org.testng.internal.invokers.TestMethodWorker.run(TestMethodWorker.java:128)
at java.base/java.util.ArrayList.forEach(ArrayList.java:1596)
at org.testng.TestRunner.privateRun(TestRunner.java:819)
at org.testng.TestRunner.run(TestRunner.java:619)
at org.testng.SuiteRunner.runTest(SuiteRunner.java:443)
at org.testng.SuiteRunner.runSequentially(SuiteRunner.java:437)
at org.testng.SuiteRunner.privateRun(SuiteRunner.java:397)
at org.testng.SuiteRunner.run(SuiteRunner.java:336)
at org.testng.SuiteRunnerWorker.runSuite(SuiteRunnerWorker.java:52)
at org.testng.SuiteRunnerWorker.run(SuiteRunnerWorker.java:95)
at java.base/java.util.concurrent.Executors$RunnableAdapter.call(Executors.java:572)
at java.base/java.util.concurrent.FutureTask.run(FutureTask.java:317)
at org.testng.internal.thread.graph.TestNGFutureTask.run(TestNGFutureTask.java:22)
at java.base/java.util.concurrent.ThreadPoolExecutor.runWorker(ThreadPoolExecutor.java:1144)
at java.base/java.util.concurrent.ThreadPoolExecutor$Worker.run(ThreadPoolExecutor.java:642)
at java.base/java.lang.Thread.run(Thread.java:1583)
]]>
            </full-stacktrace>
          </exception> <!-- java.lang.AssertionError -->
          <reporter-output>
          </reporter-output>
        </test-method> <!-- login -->
      </class> <!-- TestCases.suiteA.LoginTest -->
    </test> <!-- Login Test -->
  </suite> <!-- Suite -->
  <suite started-at="2025-09-30T20:01:23 IST" name="Suite (0)" finished-at="2025-09-30T20:01:23 IST" duration-ms="65">
    <groups>
    </groups>
    <test started-at="2025-09-30T20:01:23 IST" name="CreateUser Test" finished-at="2025-09-30T20:01:23 IST" duration-ms="24">
      <class name="TestCases.suiteB.CreateUser">
        <test-method signature="createUser(java.lang.String,java.lang.String,java.lang.String,int)[pri:0, instance:TestCases.suiteB.CreateUser@dbf57b3]" started-at="2025-09-30T20:01:23 IST" name="createUser" data-provider="GetData" finished-at="2025-09-30T20:01:23 IST" duration-ms="7" status="PASS">
          <params>
            <param index="0">
              <value>
                <![CDATA[Chrome]]>
              </value>
            </param>
            <param index="1">
              <value>
                <![CDATA[Admin]]>
              </value>
            </param>
            <param index="2">
              <value>
                <![CDATA[admin@gmail.com]]>
              </value>
            </param>
            <param index="3">
              <value>
                <![CDATA[987654321]]>
              </value>
            </param>
          </params>
          <reporter-output>
          </reporter-output>
        </test-method> <!-- createUser -->
        <test-method signature="createUser(java.lang.String,java.lang.String,java.lang.String,int)[pri:0, instance:TestCases.suiteB.CreateUser@dbf57b3]" started-at="2025-09-30T20:01:23 IST" name="createUser" data-provider="GetData" finished-at="2025-09-30T20:01:23 IST" duration-ms="0" status="PASS">
          <params>
            <param index="0">
              <value>
                <![CDATA[FireFox]]>
              </value>
            </param>
            <param index="1">
              <value>
                <![CDATA[SuperAdmin]]>
              </value>
            </param>
            <param index="2">
              <value>
                <![CDATA[superadmin@gmail.com]]>
              </value>
            </param>
            <param index="3">
              <value>
                <![CDATA[987654321]]>
              </value>
            </param>
          </params>
          <reporter-output>
          </reporter-output>
        </test-method> <!-- createUser -->
        <test-method signature="createUser(java.lang.String,java.lang.String,java.lang.String,int)[pri:0, instance:TestCases.suiteB.CreateUser@dbf57b3]" started-at="2025-09-30T20:01:23 IST" name="createUser" data-provider="GetData" finished-at="2025-09-30T20:01:23 IST" duration-ms="0" status="PASS">
          <params>
            <param index="0">
              <value>
                <![CDATA[Safari]]>
              </value>
            </param>
            <param index="1">
              <value>
                <![CDATA[Member]]>
              </value>
            </param>
            <param index="2">
              <value>
                <![CDATA[member@gmail.com]]>
              </value>
            </param>
            <param index="3">
              <value>
                <![CDATA[987654321]]>
              </value>
            </param>
          </params>
          <reporter-output>
          </reporter-output>
        </test-method> <!-- createUser -->
      </class> <!-- TestCases.suiteB.CreateUser -->
    </test> <!-- CreateUser Test -->
    <test started-at="2025-09-30T20:01:23 IST" name=" Test1 Test" finished-at="2025-09-30T20:01:23 IST" duration-ms="2">
      <class name="TestCases.suiteB.Test1">
        <test-method signature="Payment()[pri:2, instance:TestCases.suiteB.Test1@42e99e4a]" started-at="2025-09-30T20:01:23 IST" name="Payment" finished-at="2025-09-30T20:01:23 IST" duration-ms="1" status="PASS">
          <reporter-output>
          </reporter-output>
        </test-method> <!-- Payment -->
        <test-method signature="search()[pri:1, instance:TestCases.suiteB.Test1@42e99e4a]" started-at="2025-09-30T20:01:23 IST" name="search" finished-at="2025-09-30T20:01:23 IST" duration-ms="0" status="PASS">
          <reporter-output>
          </reporter-output>
        </test-method> <!-- search -->
        <test-method signature="select()[pri:3, instance:TestCases.suiteB.Test1@42e99e4a]" started-at="2025-09-30T20:01:23 IST" name="select" finished-at="2025-09-30T20:01:23 IST" duration-ms="0" status="PASS">
          <reporter-output>
          </reporter-output>
        </test-method> <!-- select -->
      </class> <!-- TestCases.suiteB.Test1 -->
    </test> <!--  Test1 Test -->
  </suite> <!-- Suite (0) -->
</testng-results>
