<?xml version="1.0" encoding="UTF-8"?>
<!-- Generated by org.testng.reporters.JUnitXMLReporter -->
<testsuite ignored="0" hostname="192.168.1.2" failures="0" tests="3" name="CreateUser Test" time="0.106" errors="0" timestamp="2025-10-01T11:09:26 IST">
  <testcase classname="TestCases.suiteB.CreateUser" name="createUser" time="0.028"/>
  <testcase classname="TestCases.suiteB.CreateUser" name="createUser" time="0.003"/>
  <testcase classname="TestCases.suiteB.CreateUser" name="createUser" time="0.003"/>
</testsuite> <!-- CreateUser Test -->
