<?xml version="1.0" encoding="UTF-8"?>
<!-- Generated by org.testng.reporters.JUnitXMLReporter -->
<testsuite ignored="0" hostname="192.168.1.2" failures="1" tests="1" name="SoftAssert Test" time="0.088" errors="0" timestamp="2025-09-30T20:29:23 IST">
  <testcase classname="TestCases.suiteA.SoftAssertStudy" name="validates" time="0.036">
    <failure type="java.lang.AssertionError" message="The following asserts failed:
	expected [Two] but found [One],
	Error:- not greater expected [true] but found [false],
	Error message 1">
      <![CDATA[java.lang.AssertionError: The following asserts failed:
expected [Two] but found [One],
Error:- not greater expected [true] but found [false],
Error message 1
at TestCases.suiteA.SoftAssertStudy.validates(SoftAssertStudy.java:20)
at java.base/java.util.ArrayList.forEach(ArrayList.java:1596)
... Removed 27 stack frames]]>
    </failure>
  </testcase> <!-- validates -->
</testsuite> <!-- SoftAssert Test -->
