<?xml version="1.0" encoding="UTF-8"?>
<!-- Generated by org.testng.reporters.JUnitXMLReporter -->
<testsuite ignored="0" hostname="192.168.1.2" failures="2" tests="5" name="Test" time="0.131" errors="0" timestamp="2025-09-29T18:56:48 IST">
  <testcase classname="TestCases.Test1" name="search" time="0.021"/>
  <testcase classname="TestCases.Test1" name="Payment" time="0.003"/>
  <testcase classname="TestCases.Test1" name="select" time="0.004"/>
  <testcase classname="TestCases.LoginTest" name="login" time="0.004">
    <failure type="java.lang.AssertionError" message=" ---------- A ------------ ">
      <![CDATA[java.lang.AssertionError:  ---------- A ------------ 
at TestCases.LoginTest.login(LoginTest.java:16)
at java.base/java.util.ArrayList.forEach(ArrayList.java:1596)
... Removed 26 stack frames]]>
    </failure>
  </testcase> <!-- login -->
  <testcase classname="TestCases.SoftAssertStudy" name="validates" time="0.023">
    <failure type="java.lang.AssertionError" message="The following asserts failed:
	expected [Two] but found [One],
	Error:- not greater expected [true] but found [false],
	Error message 1">
      <![CDATA[java.lang.AssertionError: The following asserts failed:
expected [Two] but found [One],
Error:- not greater expected [true] but found [false],
Error message 1
at TestCases.SoftAssertStudy.validates(SoftAssertStudy.java:20)
at java.base/java.util.ArrayList.forEach(ArrayList.java:1596)
... Removed 27 stack frames]]>
    </failure>
  </testcase> <!-- validates -->
</testsuite> <!-- Test -->
