<?xml version="1.0" encoding="UTF-8"?>
<!-- Generated by org.testng.reporters.JUnitReportReporter -->
<testsuite hostname="192.168.1.2" failures="0" tests="3" name="TestCases.suiteA.CreateUser" time="0.041" errors="0" timestamp="2025-10-02T21:20:27 IST" skipped="0">
  <testcase classname="TestCases.suiteA.CreateUser" name="createUser" time="0.004"/>
  <testcase classname="TestCases.suiteA.CreateUser" name="createUser" time="0.004"/>
  <testcase classname="TestCases.suiteA.CreateUser" name="createUser" time="0.033"/>
</testsuite> <!-- TestCases.suiteA.CreateUser -->
