<?xml version="1.0" encoding="UTF-8"?>
<!-- Generated by org.testng.reporters.JUnitReportReporter -->
<testsuite hostname="192.168.1.2" failures="0" tests="3" name="TestCases.suiteB.CreateUser" time="0.034" errors="0" timestamp="2025-10-01T11:09:26 IST" skipped="0">
  <testcase classname="TestCases.suiteB.CreateUser" name="createUser" time="0.003"/>
  <testcase classname="TestCases.suiteB.CreateUser" name="createUser" time="0.028"/>
  <testcase classname="TestCases.suiteB.CreateUser" name="createUser" time="0.003"/>
</testsuite> <!-- TestCases.suiteB.CreateUser -->
