<?xml version="1.0" encoding="UTF-8"?>
<!-- Generated by org.testng.reporters.JUnitReportReporter -->
<testsuite hostname="192.168.1.2" failures="0" tests="3" name="TestCases.suiteB.Test1" time="0.016" errors="0" timestamp="2025-09-30T20:19:49 IST" skipped="0">
  <testcase classname="TestCases.suiteB.Test1" name="search" time="0.008"/>
  <testcase classname="TestCases.suiteB.Test1" name="Payment" time="0.005"/>
  <testcase classname="TestCases.suiteB.Test1" name="select" time="0.003"/>
</testsuite> <!-- TestCases.suiteB.Test1 -->
