<?xml version="1.0" encoding="UTF-8"?>
<!-- Generated by org.testng.reporters.JUnitXMLReporter -->
<testsuite ignored="0" hostname="192.168.1.2" failures="1" tests="1" name="Login Test" time="0.017" errors="0" timestamp="2025-09-30T17:32:49 IST">
  <testcase classname="TestCases.suiteA.LoginTest" name="login" time="0.007">
    <failure type="java.lang.AssertionError" message=" ---------- A ------------ ">
      <![CDATA[java.lang.AssertionError:  ---------- A ------------ 
at TestCases.suiteA.LoginTest.login(LoginTest.java:16)
at java.base/java.util.ArrayList.forEach(ArrayList.java:1596)
... Removed 27 stack frames]]>
    </failure>
  </testcase> <!-- login -->
</testsuite> <!-- Login Test -->
