<?xml version="1.0" encoding="UTF-8"?>
<!-- Generated by org.testng.reporters.JUnitXMLReporter -->
<testsuite ignored="3" hostname="192.168.1.3" failures="0" tests="3" name="Create Lead Test" time="0.175" errors="0" timestamp="2025-11-06T21:57:35 IST">
  <testcase classname="testbase.BaseTest" name="@BeforeTest beforeTest" time="0.08">
    <failure type="java.lang.NumberFormatException" message="Cannot parse null string">
      <![CDATA[java.lang.NumberFormatException: Cannot parse null string
at java.base/java.lang.Integer.parseInt(Integer.java:624)
at java.base/java.lang.Integer.parseInt(Integer.java:778)
at testbase.BaseTest.beforeTest(BaseTest.java:36)
... Removed 22 stack frames]]>
    </failure>
  </testcase> <!-- @BeforeTest beforeTest -->
  <testcase classname="testbase.BaseTest" name="@AfterTest quit" time="0.0">
    <skipped/>
  </testcase> <!-- @AfterTest quit -->
  <testcase classname="testcases.snov.Session" name="doLogin" time="0.0">
    <skipped/>
  </testcase> <!-- doLogin -->
  <testcase classname="testcases.snov.LeadManagement" name="createLead" time="0.0">
    <skipped/>
  </testcase> <!-- createLead -->
  <testcase classname="testcases.snov.LeadManagement" name="verifyLead" time="0.0">
    <skipped/>
  </testcase> <!-- verifyLead -->
  <testcase classname="testcases.snov.LeadManagement" name="deleteLead" time="0.0">
    <ignored/>
  </testcase> <!-- deleteLead -->
  <testcase classname="testbase.BaseTest" name="@AfterTest quit" time="0.0">
    <ignored/>
  </testcase> <!-- @AfterTest quit -->
  <testcase classname="testbase.BaseTest" name="@BeforeTest beforeTest" time="0.0">
    <ignored/>
  </testcase> <!-- @BeforeTest beforeTest -->
</testsuite> <!-- Create Lead Test -->
