<?xml version="1.0" encoding="UTF-8"?>
<!-- Generated by org.testng.reporters.JUnitXMLReporter -->
<testsuite ignored="0" hostname="192.168.1.2" failures="0" tests="3" name="Default test" time="0.085" errors="0" timestamp="2025-10-12T20:10:32 IST">
  <testcase classname="testcase.bookingSearch" name="enterGustInfo" time="0.018"/>
  <testcase classname="testcase.bookingSearch" name="searchHotel" time="0.003"/>
  <testcase classname="testcase.bookingSearch" name="selectingHotel" time="0.004"/>
</testsuite> <!-- Default test -->
