<?xml version="1.0" encoding="UTF-8"?>
<!-- Generated by org.testng.reporters.JUnitReportReporter -->
<testsuite hostname="192.168.1.3" failures="0" tests="6" name="testcases.snov.LeadManagement" time="0.006" errors="0" timestamp="2025-11-10T21:27:46 IST" skipped="6">
  <testcase classname="testcases.snov.LeadManagement" name="deleteLead" time="0.001">
    <skipped/>
  </testcase> <!-- deleteLead -->
  <testcase classname="testcases.snov.LeadManagement" name="createLead" time="0.002">
    <skipped/>
  </testcase> <!-- createLead -->
  <testcase classname="testcases.snov.LeadManagement" name="verifyLead" time="0.001">
    <skipped/>
  </testcase> <!-- verifyLead -->
  <testcase classname="testcases.snov.LeadManagement" name="verifyLead" time="0.000">
    <skipped/>
  </testcase> <!-- verifyLead -->
  <testcase classname="testcases.snov.LeadManagement" name="createLead" time="0.001">
    <skipped/>
  </testcase> <!-- createLead -->
  <testcase classname="testcases.snov.LeadManagement" name="deleteLead" time="0.001">
    <skipped/>
  </testcase> <!-- deleteLead -->
</testsuite> <!-- testcases.snov.LeadManagement -->
