<?xml version="1.0" encoding="UTF-8"?>
<!-- Generated by org.testng.reporters.JUnitReportReporter -->
<testsuite hostname="192.168.1.2" failures="0" tests="4" name="TestCases.LoginCheck" time="0.041" errors="0" timestamp="2025-10-29T16:05:25 IST" skipped="0">
  <testcase classname="TestCases.LoginCheck" name="verifyLogin" time="0.006"/>
  <testcase classname="TestCases.LoginCheck" name="login" time="0.026"/>
  <testcase classname="TestCases.LoginCheck" name="login" time="0.005"/>
  <testcase classname="TestCases.LoginCheck" name="login" time="0.004"/>
</testsuite> <!-- TestCases.LoginCheck -->
