<?xml version="1.0" encoding="UTF-8"?>
<!-- Generated by org.testng.reporters.JUnitXMLReporter -->
<testsuite ignored="0" hostname="192.168.1.2" failures="0" tests="3" name=" Test1 Test" time="0.032" errors="0" timestamp="2025-09-30T17:32:49 IST">
  <testcase classname="TestCases.suiteB.Test1" name="search" time="0.007"/>
  <testcase classname="TestCases.suiteB.Test1" name="Payment" time="0.001"/>
  <testcase classname="TestCases.suiteB.Test1" name="select" time="0.001"/>
</testsuite> <!--  Test1 Test -->
