<?xml version="1.0" encoding="UTF-8"?>
<!-- Generated by org.testng.reporters.JUnitXMLReporter -->
<testsuite ignored="0" hostname="192.168.1.2" failures="0" tests="3" name="CreateUser Test" time="0.092" errors="0" timestamp="2025-09-30T17:32:49 IST">
  <testcase classname="TestCases.suiteB.CreateUser" name="createUser" time="0.023"/>
  <testcase classname="TestCases.suiteB.CreateUser" name="createUser" time="0.004"/>
  <testcase classname="TestCases.suiteB.CreateUser" name="createUser" time="0.002"/>
</testsuite> <!-- CreateUser Test -->
