<?xml version="1.0" encoding="UTF-8"?>
<testng-results ignored="0" total="4" passed="4" failed="0" skipped="0">
  <reporter-output>
  </reporter-output>
  <suite started-at="2025-10-02T21:20:25 IST" name="Default suite" finished-at="2025-10-02T21:20:27 IST" duration-ms="1124">
    <groups>
    </groups>
    <test started-at="2025-10-02T21:20:25 IST" name="Default test" finished-at="2025-10-02T21:20:27 IST" duration-ms="1124">
      <class name="TestCases.suiteA.LoginTest">
        <test-method is-config="true" signature="ForReport()[pri:0, instance:TestCases.suiteA.LoginTest@3c46e67a]" started-at="2025-10-02T21:20:26 IST" name="ForReport" finished-at="2025-10-02T21:20:26 IST" duration-ms="9" status="PASS">
          <reporter-output>
          </reporter-output>
        </test-method> <!-- ForReport -->
        <test-method signature="login()[pri:0, instance:TestCases.suiteA.LoginTest@3c46e67a]" started-at="2025-10-02T21:20:26 IST" name="login" finished-at="2025-10-02T21:20:26 IST" duration-ms="23" status="PASS">
          <reporter-output>
          </reporter-output>
        </test-method> <!-- login -->
        <test-method is-config="true" signature="quit()[pri:0, instance:TestCases.suiteA.LoginTest@3c46e67a]" started-at="2025-10-02T21:20:27 IST" name="quit" finished-at="2025-10-02T21:20:27 IST" duration-ms="27" status="PASS">
          <reporter-output>
          </reporter-output>
        </test-method> <!-- quit -->
      </class> <!-- TestCases.suiteA.LoginTest -->
      <class name="TestCases.suiteA.CreateUser">
        <test-method is-config="true" signature="ForReport()[pri:0, instance:TestCases.suiteA.CreateUser@54d9d12d]" started-at="2025-10-02T21:20:25 IST" name="ForReport" finished-at="2025-10-02T21:20:26 IST" duration-ms="450" status="PASS">
          <reporter-output>
          </reporter-output>
        </test-method> <!-- ForReport -->
        <test-method signature="createUser(java.lang.String,java.lang.String,java.lang.String,int)[pri:0, instance:TestCases.suiteA.CreateUser@54d9d12d]" started-at="2025-10-02T21:20:26 IST" name="createUser" data-provider="GetData" finished-at="2025-10-02T21:20:26 IST" duration-ms="33" status="PASS">
          <params>
            <param index="0">
              <value>
                <![CDATA[Chrome]]>
              </value>
            </param>
            <param index="1">
              <value>
                <![CDATA[Admin]]>
              </value>
            </param>
            <param index="2">
              <value>
                <![CDATA[admin@gmail.com]]>
              </value>
            </param>
            <param index="3">
              <value>
                <![CDATA[987654321]]>
              </value>
            </param>
          </params>
          <reporter-output>
          </reporter-output>
        </test-method> <!-- createUser -->
        <test-method signature="createUser(java.lang.String,java.lang.String,java.lang.String,int)[pri:0, instance:TestCases.suiteA.CreateUser@54d9d12d]" started-at="2025-10-02T21:20:26 IST" name="createUser" data-provider="GetData" finished-at="2025-10-02T21:20:26 IST" duration-ms="4" status="PASS">
          <params>
            <param index="0">
              <value>
                <![CDATA[FireFox]]>
              </value>
            </param>
            <param index="1">
              <value>
                <![CDATA[SuperAdmin]]>
              </value>
            </param>
            <param index="2">
              <value>
                <![CDATA[superadmin@gmail.com]]>
              </value>
            </param>
            <param index="3">
              <value>
                <![CDATA[987654321]]>
              </value>
            </param>
          </params>
          <reporter-output>
          </reporter-output>
        </test-method> <!-- createUser -->
        <test-method signature="createUser(java.lang.String,java.lang.String,java.lang.String,int)[pri:0, instance:TestCases.suiteA.CreateUser@54d9d12d]" started-at="2025-10-02T21:20:26 IST" name="createUser" data-provider="GetData" finished-at="2025-10-02T21:20:26 IST" duration-ms="4" status="PASS">
          <params>
            <param index="0">
              <value>
                <![CDATA[Safari]]>
              </value>
            </param>
            <param index="1">
              <value>
                <![CDATA[Member]]>
              </value>
            </param>
            <param index="2">
              <value>
                <![CDATA[member@gmail.com]]>
              </value>
            </param>
            <param index="3">
              <value>
                <![CDATA[987654321]]>
              </value>
            </param>
          </params>
          <reporter-output>
          </reporter-output>
        </test-method> <!-- createUser -->
        <test-method is-config="true" signature="quit()[pri:0, instance:TestCases.suiteA.CreateUser@54d9d12d]" started-at="2025-10-02T21:20:26 IST" name="quit" finished-at="2025-10-02T21:20:27 IST" duration-ms="513" status="PASS">
          <reporter-output>
          </reporter-output>
        </test-method> <!-- quit -->
      </class> <!-- TestCases.suiteA.CreateUser -->
    </test> <!-- Default test -->
  </suite> <!-- Default suite -->
</testng-results>
