<?xml version="1.0" encoding="UTF-8"?>
<!-- Generated by org.testng.reporters.JUnitReportReporter -->
<testsuite hostname="192.168.1.2" failures="0" tests="3" name="TestCases.suiteB.CreateUser" time="0.007" errors="0" timestamp="2025-09-30T20:01:23 IST" skipped="0">
  <testcase classname="TestCases.suiteB.CreateUser" name="createUser" time="0.007"/>
  <testcase classname="TestCases.suiteB.CreateUser" name="createUser" time="0.000"/>
  <testcase classname="TestCases.suiteB.CreateUser" name="createUser" time="0.000"/>
</testsuite> <!-- TestCases.suiteB.CreateUser -->
