<?xml version="1.0" encoding="UTF-8"?>
<!-- Generated by org.testng.reporters.JUnitXMLReporter -->
<testsuite ignored="0" hostname="192.168.1.2" failures="0" tests="4" name="Default test" time="1.124" errors="0" timestamp="2025-10-02T21:20:27 IST">
  <testcase classname="TestCases.suiteA.LoginTest" name="login" time="0.023"/>
  <testcase classname="TestCases.suiteA.CreateUser" name="createUser" time="0.033"/>
  <testcase classname="TestCases.suiteA.CreateUser" name="createUser" time="0.004"/>
  <testcase classname="TestCases.suiteA.CreateUser" name="createUser" time="0.004"/>
</testsuite> <!-- Default test -->
