<?xml version="1.0" encoding="UTF-8"?>
<testng-results ignored="0" total="1" passed="1" failed="0" skipped="0">
  <reporter-output>
  </reporter-output>
  <suite started-at="2025-11-21T12:38:13 IST" name="My suite" finished-at="2025-11-21T12:38:13 IST" duration-ms="16">
    <groups>
    </groups>
    <test started-at="2025-11-21T12:38:13 IST" name="Login Test" finished-at="2025-11-21T12:38:13 IST" duration-ms="16">
      <class name="testcase.Login">
        <test-method signature="doLogin()[pri:0, instance:testcase.Login@3234e239]" started-at="2025-11-21T12:38:13 IST" name="doLogin" finished-at="2025-11-21T12:38:13 IST" duration-ms="1" status="PASS">
          <reporter-output>
          </reporter-output>
        </test-method> <!-- doLogin -->
      </class> <!-- testcase.Login -->
    </test> <!-- Login Test -->
  </suite> <!-- My suite -->
</testng-results>
