<?xml version="1.0" encoding="UTF-8"?>
<testng-results ignored="0" total="6" passed="6" failed="0" skipped="0">
  <reporter-output>
  </reporter-output>
  <suite started-at="2025-10-12T21:26:25 IST" name="Booking Suite" finished-at="2025-10-12T21:26:25 IST" duration-ms="326">
    <groups>
    </groups>
    <test started-at="2025-10-12T21:26:25 IST" name="Creating booking -- default Discount" finished-at="2025-10-12T21:26:25 IST" duration-ms="326">
      <class name="testcase.CustomerCommunication">
        <test-method signature="checkingEmail(org.testng.ITestContext)[pri:0, instance:testcase.CustomerCommunication@4abdb505]" started-at="2025-10-12T21:26:25 IST" name="checkingEmail" finished-at="2025-10-12T21:26:25 IST" duration-ms="2" status="PASS">
          <params>
            <param index="0">
              <value>
                <![CDATA[org.testng.TestRunner@60611244]]>
              </value>
            </param>
          </params>
          <reporter-output>
          </reporter-output>
        </test-method> <!-- checkingEmail -->
      </class> <!-- testcase.CustomerCommunication -->
      <class name="testcase.PaymentManager">
        <test-method signature="applyDiscount()[pri:0, instance:testcase.PaymentManager@26a7b76d]" started-at="2025-10-12T21:26:25 IST" name="applyDiscount" finished-at="2025-10-12T21:26:25 IST" duration-ms="0" status="PASS">
          <reporter-output>
          </reporter-output>
        </test-method> <!-- applyDiscount -->
        <test-method signature="makePayment(java.lang.String,org.testng.ITestContext)[pri:0, instance:testcase.PaymentManager@26a7b76d]" started-at="2025-10-12T21:26:25 IST" name="makePayment" finished-at="2025-10-12T21:26:25 IST" duration-ms="9" status="PASS">
          <params>
            <param index="0">
              <value>
                <![CDATA[deafultdiscount]]>
              </value>
            </param>
            <param index="1">
              <value>
                <![CDATA[org.testng.TestRunner@60611244]]>
              </value>
            </param>
          </params>
          <reporter-output>
          </reporter-output>
        </test-method> <!-- makePayment -->
      </class> <!-- testcase.PaymentManager -->
      <class name="testcase.bookingSearch">
        <test-method signature="searchHotel()[pri:0, instance:testcase.bookingSearch@9a7504c]" started-at="2025-10-12T21:26:25 IST" name="searchHotel" finished-at="2025-10-12T21:26:25 IST" duration-ms="19" status="PASS">
          <reporter-output>
          </reporter-output>
        </test-method> <!-- searchHotel -->
        <test-method signature="selectingHotel()[pri:0, instance:testcase.bookingSearch@9a7504c]" started-at="2025-10-12T21:26:25 IST" name="selectingHotel" finished-at="2025-10-12T21:26:25 IST" duration-ms="1" status="PASS">
          <reporter-output>
          </reporter-output>
        </test-method> <!-- selectingHotel -->
        <test-method signature="enterGustInfo()[pri:0, instance:testcase.bookingSearch@9a7504c]" started-at="2025-10-12T21:26:25 IST" name="enterGustInfo" finished-at="2025-10-12T21:26:25 IST" duration-ms="0" status="PASS">
          <reporter-output>
          </reporter-output>
        </test-method> <!-- enterGustInfo -->
      </class> <!-- testcase.bookingSearch -->
    </test> <!-- Creating booking - default Discount -->
  </suite> <!-- Booking Suite -->
</testng-results>
