<?xml version="1.0" encoding="UTF-8"?>
<!-- Generated by org.testng.reporters.JUnitXMLReporter -->
<testsuite ignored="3" hostname="192.168.1.3" failures="0" tests="3" name="Create Deal - Create New DealIt.2" time="0.079" errors="0" timestamp="2025-11-10T21:27:46 IST">
  <testcase classname="testcases.snov.Session" name="doLogin" time="0.0">
    <skipped/>
  </testcase> <!-- doLogin -->
  <testcase classname="testcases.snov.LeadManagement" name="createLead" time="0.001">
    <skipped/>
  </testcase> <!-- createLead -->
  <testcase classname="testcases.snov.LeadManagement" name="verifyLead" time="0.0">
    <skipped/>
  </testcase> <!-- verifyLead -->
  <testcase classname="testbase.BaseTest" name="@BeforeTest beforeTest" time="0.0">
    <ignored/>
  </testcase> <!-- @BeforeTest beforeTest -->
  <testcase classname="testbase.BaseTest" name="@AfterTest quit" time="0.0">
    <ignored/>
  </testcase> <!-- @AfterTest quit -->
  <testcase classname="testcases.snov.LeadManagement" name="deleteLead" time="0.0">
    <ignored/>
  </testcase> <!-- deleteLead -->
</testsuite> <!-- Create Deal - Create New DealIt.2 -->
