<?xml version="1.0" encoding="UTF-8"?>
<!-- Generated by org.testng.reporters.JUnitReportReporter -->
<testsuite hostname="192.168.1.2" failures="0" tests="3" name="TwentyTwoDay.CreateUser" time="0.045" errors="0" timestamp="2025-09-29T18:12:25 IST" skipped="0">
  <testcase classname="TwentyTwoDay.CreateUser" name="createUser" time="0.002"/>
  <testcase classname="TwentyTwoDay.CreateUser" name="createUser" time="0.003"/>
  <testcase classname="TwentyTwoDay.CreateUser" name="createUser" time="0.040"/>
</testsuite> <!-- TwentyTwoDay.CreateUser -->
