<?xml version="1.0" encoding="UTF-8"?>
<!-- Generated by org.testng.reporters.JUnitReportReporter -->
<testsuite hostname="192.168.1.2" failures="0" tests="3" name="TestCases.suiteB.CreateUser" time="0.029" errors="0" timestamp="2025-09-30T17:32:49 IST" skipped="0">
  <testcase classname="TestCases.suiteB.CreateUser" name="createUser" time="0.023"/>
  <testcase classname="TestCases.suiteB.CreateUser" name="createUser" time="0.002"/>
  <testcase classname="TestCases.suiteB.CreateUser" name="createUser" time="0.004"/>
</testsuite> <!-- TestCases.suiteB.CreateUser -->
