<?xml version="1.0" encoding="UTF-8"?>
<!-- Generated by org.testng.reporters.JUnitReportReporter -->
<testsuite hostname="192.168.1.2" failures="0" tests="3" name="TestCases.Test1" time="0.028" errors="0" timestamp="2025-09-29T18:56:48 IST" skipped="0">
  <testcase classname="TestCases.Test1" name="search" time="0.021"/>
  <testcase classname="TestCases.Test1" name="Payment" time="0.003"/>
  <testcase classname="TestCases.Test1" name="select" time="0.004"/>
</testsuite> <!-- TestCases.Test1 -->
