<?xml version="1.0" encoding="UTF-8"?>
<!-- Generated by org.testng.reporters.JUnitXMLReporter -->
<testsuite ignored="0" hostname="192.168.1.2" failures="0" tests="6" name="Creating booking -- default Discount" time="0.326" errors="0" timestamp="2025-10-12T21:26:25 IST">
  <testcase classname="testcase.bookingSearch" name="searchHotel" time="0.019"/>
  <testcase classname="testcase.bookingSearch" name="selectingHotel" time="0.001"/>
  <testcase classname="testcase.bookingSearch" name="enterGustInfo" time="0.0"/>
  <testcase classname="testcase.PaymentManager" name="applyDiscount" time="0.0"/>
  <testcase classname="testcase.PaymentManager" name="makePayment" time="0.009"/>
  <testcase classname="testcase.CustomerCommunication" name="checkingEmail" time="0.002"/>
</testsuite> <!-- Creating booking - default Discount -->
